\BOOKMARK [0][-]{chapter.listoftables.1}{Introdu\347\343o}{}% 1
\BOOKMARK [1][-]{section.listoftables.1.1}{Seguran\347a em Big Data}{chapter.listoftables.1}% 2
\BOOKMARK [1][-]{section.listoftables.1.2}{Motiva\347\343o}{chapter.listoftables.1}% 3
\BOOKMARK [1][-]{section.listoftables.1.3}{Objetivos}{chapter.listoftables.1}% 4
\BOOKMARK [1][-]{section.listoftables.1.4}{Metodologia}{chapter.listoftables.1}% 5
\BOOKMARK [2][-]{subsection.listoftables.1.4.1}{Ataque de nega\347\343o de servi\347o}{section.listoftables.1.4}% 6
\BOOKMARK [2][-]{subsection.listoftables.1.4.2}{Ataque de for\347a bruta}{section.listoftables.1.4}% 7
\BOOKMARK [2][-]{subsection.listoftables.1.4.3}{Ataque Man in the middle}{section.listoftables.1.4}% 8
\BOOKMARK [1][-]{section.listoftables.1.5}{Estrutura do trabalho}{chapter.listoftables.1}% 9
\BOOKMARK [0][-]{chapter.listoftables.2}{Fundamenta\347\343o te\363rica}{}% 10
\BOOKMARK [1][-]{section.listoftables.2.1}{Big Data}{chapter.listoftables.2}% 11
\BOOKMARK [2][-]{subsection.listoftables.2.1.1}{Banco de dados}{section.listoftables.2.1}% 12
\BOOKMARK [2][-]{subsection.listoftables.2.1.2}{Cluster}{section.listoftables.2.1}% 13
\BOOKMARK [1][-]{section.listoftables.2.2}{Apache Hadoop}{chapter.listoftables.2}% 14
\BOOKMARK [2][-]{subsection.listoftables.2.2.1}{Hadoop HDFS}{section.listoftables.2.2}% 15
\BOOKMARK [2][-]{subsection.listoftables.2.2.2}{Hadoop MapReduce}{section.listoftables.2.2}% 16
\BOOKMARK [2][-]{subsection.listoftables.2.2.3}{Apache Hadoop YARN}{section.listoftables.2.2}% 17
\BOOKMARK [2][-]{subsection.listoftables.2.2.4}{Seguran\347a do Hadoop}{section.listoftables.2.2}% 18
\BOOKMARK [1][-]{section.listoftables.2.3}{Tipos de ataques \340 seguran\347a}{chapter.listoftables.2}% 19
\BOOKMARK [1][-]{section.listoftables.2.4}{PenTest}{chapter.listoftables.2}% 20
\BOOKMARK [2][-]{subsection.listoftables.2.4.1}{Fases de um PenTest}{section.listoftables.2.4}% 21
\BOOKMARK [2][-]{subsection.listoftables.2.4.2}{Kali Linux}{section.listoftables.2.4}% 22
\BOOKMARK [0][-]{chapter.listoftables.3}{Cen\341rio avaliado}{}% 23
\BOOKMARK [1][-]{section.listoftables.3.1}{Processo de instala\347\343o}{chapter.listoftables.3}% 24
\BOOKMARK [0][-]{chapter.listoftables.4}{Experimentos e resultados}{}% 25
\BOOKMARK [1][-]{section.listoftables.4.1}{Cen\341rio I}{chapter.listoftables.4}% 26
\BOOKMARK [1][-]{section.listoftables.4.2}{Cen\341rio II}{chapter.listoftables.4}% 27
\BOOKMARK [1][-]{section.listoftables.4.3}{Cen\341rio III}{chapter.listoftables.4}% 28
\BOOKMARK [0][-]{chapter.listoftables.5}{Conclus\343o}{}% 29
\BOOKMARK [0][-]{chapter.listoftables.5}{Refer\352ncias Bibliogr\341ficas}{}% 30
