\BOOKMARK [0][-]{chapter*.4}{Lista de Figuras}{}% 1
\BOOKMARK [0][-]{chapter*.5}{Lista de Tabelas}{}% 2
\BOOKMARK [0][-]{chapter*.6}{Lista de S\355mbolos}{}% 3
\BOOKMARK [0][-]{chapter*.7}{Lista de Abreviacoes}{}% 4
\BOOKMARK [0][-]{chapter.listoftables.1}{Introdu\347\343o}{}% 5
\BOOKMARK [1][-]{section.listoftables.1.1}{Seguran\347a da informa\347\343o}{chapter.listoftables.1}% 6
\BOOKMARK [1][-]{section.listoftables.1.2}{Motiva\347\343o}{chapter.listoftables.1}% 7
\BOOKMARK [1][-]{section.listoftables.1.3}{Objetivos}{chapter.listoftables.1}% 8
\BOOKMARK [1][-]{section.listoftables.1.4}{Estrutura do trabalho}{chapter.listoftables.1}% 9
\BOOKMARK [0][-]{chapter.listoftables.2}{Fundamenta\347\343o te\363rica}{}% 10
\BOOKMARK [1][-]{section.listoftables.2.1}{Big Data}{chapter.listoftables.2}% 11
\BOOKMARK [2][-]{subsection.listoftables.2.1.1}{Banco de dados}{section.listoftables.2.1}% 12
\BOOKMARK [2][-]{subsection.listoftables.2.1.2}{Cluster}{section.listoftables.2.1}% 13
\BOOKMARK [1][-]{section.listoftables.2.2}{Hadoop}{chapter.listoftables.2}% 14
\BOOKMARK [2][-]{subsection.listoftables.2.2.1}{Hadoop HDFS}{section.listoftables.2.2}% 15
\BOOKMARK [2][-]{subsection.listoftables.2.2.2}{Hadoop MapReduce}{section.listoftables.2.2}% 16
\BOOKMARK [2][-]{subsection.listoftables.2.2.3}{Apache Hadoop YARN}{section.listoftables.2.2}% 17
\BOOKMARK [2][-]{subsection.listoftables.2.2.4}{Seguran\347a do Hadoop}{section.listoftables.2.2}% 18
\BOOKMARK [1][-]{section.listoftables.2.3}{Alguns ataques utilizados}{chapter.listoftables.2}% 19
\BOOKMARK [1][-]{section.listoftables.2.4}{PenTest}{chapter.listoftables.2}% 20
\BOOKMARK [2][-]{subsection.listoftables.2.4.1}{Fases de um PenTest}{section.listoftables.2.4}% 21
\BOOKMARK [2][-]{subsection.listoftables.2.4.2}{Kali Linux}{section.listoftables.2.4}% 22
\BOOKMARK [0][-]{chapter.listoftables.3}{Metodologia}{}% 23
\BOOKMARK [1][-]{section.listoftables.3.1}{Ataque de nega\347\343o de servi\347o}{chapter.listoftables.3}% 24
\BOOKMARK [1][-]{section.listoftables.3.2}{Metasploit framework}{chapter.listoftables.3}% 25
\BOOKMARK [1][-]{section.listoftables.3.3}{Man in the middle}{chapter.listoftables.3}% 26
\BOOKMARK [0][-]{chapter.listoftables.4}{Cen\341rio avaliado}{}% 27
\BOOKMARK [1][-]{section.listoftables.4.1}{Processo de instala\347\343o}{chapter.listoftables.4}% 28
\BOOKMARK [0][-]{chapter.listoftables.5}{Experimentos e resultados}{}% 29
\BOOKMARK [1][-]{section.listoftables.5.1}{Cen\341rio I}{chapter.listoftables.5}% 30
\BOOKMARK [1][-]{section.listoftables.5.2}{Cen\341rio II}{chapter.listoftables.5}% 31
\BOOKMARK [1][-]{section.listoftables.5.3}{Cen\341rio III}{chapter.listoftables.5}% 32
\BOOKMARK [0][-]{chapter.listoftables.6}{Conclus\343o}{}% 33
\BOOKMARK [0][-]{chapter.listoftables.6}{Refer\352ncias Bibliogr\341ficas}{}% 34
\BOOKMARK [0][-]{chapter.appendix.A}{Ap\352ndice A \205 T\355tulo do Ap\352ndice}{}% 35
\BOOKMARK [0][-]{chapter.appendix.B}{Ap\352ndice B \205 Exemplo do pacote Algorithm}{}% 36
